{
  "RSpec": {
    "coverage": {
      "C:/Users/Lenovo/Desktop/project/respondo/lib/respondo.rb": {
        "lines": [
          null,
          null,
          1,
          1,
          1,
          null,
          1,
          1,
          null,
          null,
          null,
          null,
          null,
          null,
          null,
          null,
          null,
          null,
          null,
          null,
          null,
          null,
          null,
          null,
          1,
          1,
          null,
          1,
          896,
          null,
          null,
          null,
          1,
          19,
          null,
          null,
          null,
          1,
          288,
          null,
          null,
          null,
          null,
          null,
          1
        ]
      },
      "C:/Users/Lenovo/Desktop/project/respondo/lib/respondo/configuration.rb": {
        "lines": [
          null,
          null,
          1,
          null,
          null,
          null,
          null,
          null,
          null,
          null,
          null,
          null,
          1,
          null,
          1,
          null,
          null,
          1,
          null,
          null,
          1,
          null,
          null,
          1,
          null,
          null,
          null,
          null,
          null,
          1,
          null,
          null,
          null,
          null,
          1,
          null,
          1,
          289,
          289,
          289,
          289,
          289,
          289,
          null,
          null,
          null
        ]
      },
      "C:/Users/Lenovo/Desktop/project/respondo/lib/respondo/serializer.rb": {
        "lines": [
          null,
          null,
          1,
          null,
          null,
          null,
          null,
          null,
          null,
          null,
          null,
          null,
          1,
          1,
          null,
          null,
          null,
          1,
          308,
          null,
          null,
          108,
          2,
          null,
          null,
          null,
          106,
          1,
          null,
          null,
          null,
          105,
          29,
          null,
          null,
          null,
          95,
          1,
          null,
          null,
          null,
          94,
          3,
          null,
          null,
          null,
          91,
          1,
          null,
          null,
          null,
          90,
          74,
          null,
          null,
          null,
          57,
          1,
          null,
          null,
          null,
          56,
          1,
          null,
          null,
          null,
          55,
          null,
          null,
          1,
          null,
          1,
          null,
          1,
          106,
          null,
          null,
          null,
          1,
          95,
          null,
          null,
          null,
          1,
          94,
          null,
          null,
          null,
          1,
          1,
          1,
          0,
          0,
          null,
          0,
          null,
          null,
          null,
          1,
          null,
          3,
          1,
          2,
          1,
          null,
          1,
          null,
          null,
          null,
          null
        ]
      },
      "C:/Users/Lenovo/Desktop/project/respondo/lib/respondo/response_builder.rb": {
        "lines": [
          null,
          null,
          1,
          null,
          1,
          null,
          null,
          null,
          null,
          null,
          null,
          null,
          null,
          null,
          null,
          null,
          null,
          null,
          null,
          null,
          1,
          null,
          null,
          null,
          null,
          null,
          null,
          null,
          null,
          null,
          1,
          null,
          230,
          230,
          230,
          230,
          230,
          230,
          230,
          null,
          null,
          null,
          1,
          null,
          null,
          230,
          null,
          null,
          null,
          null,
          null,
          230,
          null,
          null,
          230,
          null,
          230,
          null,
          null,
          1,
          null,
          1,
          230,
          73,
          null,
          null,
          1,
          230,
          null,
          null,
          1,
          230,
          null,
          null,
          230,
          2,
          null,
          null,
          null,
          230,
          null,
          null,
          230,
          null,
          null,
          230,
          null,
          null,
          230,
          null,
          null,
          230,
          230,
          230,
          230,
          null,
          230,
          null,
          null,
          1,
          230,
          0,
          null,
          230,
          null,
          null,
          null,
          1,
          230,
          6,
          null,
          null,
          1,
          63,
          null,
          21,
          55,
          null,
          null,
          3,
          null,
          41,
          null,
          null,
          null,
          1,
          73,
          null,
          null,
          null
        ]
      },
      "C:/Users/Lenovo/Desktop/project/respondo/lib/respondo/controller_helpers.rb": {
        "lines": [
          null,
          null,
          1,
          null,
          null,
          null,
          null,
          null,
          null,
          null,
          null,
          null,
          null,
          null,
          null,
          null,
          null,
          null,
          null,
          null,
          null,
          null,
          null,
          null,
          null,
          null,
          null,
          null,
          null,
          null,
          null,
          null,
          null,
          null,
          null,
          null,
          null,
          null,
          null,
          1,
          null,
          null,
          null,
          null,
          null,
          null,
          null,
          null,
          null,
          null,
          null,
          null,
          null,
          null,
          null,
          1,
          72,
          null,
          72,
          null,
          null,
          null,
          null,
          null,
          null,
          null,
          null,
          72,
          null,
          null,
          null,
          null,
          null,
          null,
          null,
          null,
          null,
          null,
          1,
          109,
          109,
          null,
          109,
          null,
          null,
          null,
          null,
          null,
          null,
          null,
          null,
          109,
          null,
          null,
          null,
          null,
          null,
          null,
          null,
          null,
          null,
          null,
          1,
          3,
          null,
          null,
          null,
          1,
          2,
          null,
          null,
          null,
          1,
          2,
          null,
          null,
          null,
          1,
          3,
          null,
          null,
          null,
          null,
          null,
          null,
          null,
          1,
          8,
          null,
          null,
          null,
          1,
          5,
          null,
          null,
          null,
          1,
          4,
          null,
          null,
          null,
          1,
          3,
          null,
          null,
          null,
          null,
          1,
          3,
          null,
          null,
          null,
          1,
          3,
          null,
          null,
          null,
          1,
          2,
          null,
          null,
          null,
          1,
          2,
          null,
          null,
          null,
          1,
          2,
          null,
          null,
          null,
          1,
          2,
          null,
          null,
          null,
          null,
          null,
          null,
          null,
          null,
          1,
          3,
          null,
          null,
          null,
          1,
          3,
          null,
          null,
          null,
          1,
          3,
          null,
          null,
          null,
          1,
          2,
          null,
          null,
          null,
          1,
          2,
          null,
          null,
          null,
          1,
          2,
          null,
          null,
          null,
          1,
          2,
          null,
          null,
          null,
          null,
          null,
          null,
          null,
          1,
          3,
          null,
          null,
          null,
          1,
          3,
          null,
          null,
          null,
          1,
          2,
          null,
          null,
          null,
          1,
          2,
          null,
          null,
          null,
          1,
          2,
          null,
          null,
          null,
          1,
          2,
          null,
          null,
          null,
          1,
          2,
          null,
          null,
          null,
          1,
          3,
          null,
          null,
          null,
          1,
          2,
          null,
          null,
          null,
          1,
          2,
          null,
          null,
          null,
          1,
          2,
          null,
          null,
          null,
          1,
          3,
          null,
          null,
          null,
          1,
          2,
          null,
          null,
          null,
          1,
          3,
          null,
          null,
          null,
          1,
          2,
          null,
          null,
          null,
          1,
          2,
          null,
          null,
          null,
          1,
          3,
          null,
          null,
          null,
          1,
          2,
          null,
          null,
          null,
          1,
          3,
          null,
          null,
          null,
          1,
          2,
          null,
          null,
          null,
          1,
          3,
          null,
          null,
          null,
          1,
          2,
          null,
          null,
          null,
          1,
          3,
          null,
          null,
          null,
          1,
          2,
          null,
          null,
          null,
          1,
          3,
          null,
          null,
          null,
          1,
          2,
          null,
          null,
          null,
          1,
          4,
          null,
          null,
          null,
          1,
          3,
          null,
          null,
          null,
          1,
          3,
          null,
          null,
          null,
          null,
          null,
          null,
          null,
          1,
          3,
          null,
          null,
          null,
          1,
          2,
          null,
          null,
          null,
          1,
          2,
          null,
          null,
          null,
          1,
          3,
          null,
          null,
          null,
          1,
          2,
          null,
          null,
          null,
          1,
          3,
          null,
          null,
          null,
          1,
          2,
          null,
          null,
          null,
          1,
          3,
          null,
          null,
          null,
          1,
          2,
          null,
          null,
          null,
          1,
          2,
          null,
          null,
          null,
          1,
          3,
          null,
          null,
          1,
          null,
          null,
          1,
          109,
          null,
          7,
          1,
          null,
          null,
          6,
          null,
          2,
          1,
          null,
          null,
          1,
          1,
          null,
          null,
          null,
          null,
          null,
          null
        ]
      },
      "C:/Users/Lenovo/Desktop/project/respondo/lib/generators/respondo/install/install_generator.rb": {
        "lines": [
          null,
          null,
          1,
          null,
          1,
          1,
          1,
          1,
          null,
          null,
          null,
          null,
          null,
          1,
          null,
          37,
          37,
          37,
          37,
          37,
          37,
          37,
          37,
          null,
          37,
          2,
          2,
          2,
          2,
          2,
          null,
          null,
          35,
          null,
          35,
          35,
          35,
          35,
          35,
          35,
          null,
          35,
          35,
          35,
          null,
          null,
          1,
          null,
          null,
          null,
          null,
          null,
          1,
          35,
          35,
          35,
          35,
          null,
          35,
          35,
          35,
          35,
          null,
          null,
          1,
          35,
          35,
          35,
          null,
          35,
          35,
          null,
          35,
          35,
          35,
          null,
          null,
          1,
          35,
          35,
          35,
          35,
          35,
          null,
          null,
          1,
          35,
          35,
          35,
          35,
          35,
          35,
          null,
          null,
          1,
          35,
          35,
          35,
          35,
          35,
          35,
          null,
          35,
          35,
          null,
          5,
          5,
          5,
          null,
          5,
          15,
          15,
          15,
          null,
          10,
          2,
          2,
          null,
          null,
          8,
          null,
          8,
          null,
          8,
          8,
          8,
          8,
          null,
          null,
          null,
          1,
          35,
          35,
          35,
          35,
          35,
          35,
          35,
          null,
          null,
          null,
          null,
          null,
          null,
          1,
          35,
          35,
          35,
          35,
          35,
          35,
          35,
          35,
          35,
          35,
          35,
          35,
          null,
          35,
          5,
          5,
          13,
          null,
          null,
          35,
          35,
          35,
          null,
          null,
          1,
          245,
          245,
          245,
          null,
          null,
          null,
          null,
          null,
          null,
          1,
          35,
          35,
          35,
          35,
          35,
          35,
          null,
          null,
          1,
          35,
          35,
          null,
          35,
          35,
          35,
          35,
          35,
          35,
          35,
          35,
          35,
          35,
          35,
          35,
          35,
          35,
          35,
          35,
          35,
          35,
          35,
          35,
          35,
          35,
          35,
          35,
          null,
          35,
          0,
          null,
          35,
          35,
          43,
          43,
          null,
          35,
          null,
          null,
          35,
          2,
          2,
          2,
          2,
          2,
          2,
          2,
          2,
          null,
          null,
          35,
          35,
          35,
          35,
          null,
          null,
          null,
          null,
          null,
          null,
          1,
          35,
          35,
          35,
          35,
          35,
          35,
          35,
          35,
          35,
          35,
          35,
          null,
          null,
          null,
          null,
          null,
          null,
          1,
          2482,
          2482,
          null,
          null,
          1,
          1,
          null,
          1,
          249,
          null,
          null,
          1,
          210,
          210,
          null,
          null,
          1,
          140,
          140,
          140,
          140,
          null,
          null,
          1,
          177,
          177,
          177,
          null,
          null,
          null,
          null,
          null,
          null,
          1,
          1,
          1,
          null,
          null,
          null,
          null,
          null,
          1,
          null,
          null,
          null,
          null,
          null,
          null,
          null,
          null,
          null,
          null,
          null,
          null,
          null,
          1,
          37,
          null,
          null,
          null,
          null,
          null,
          null,
          null,
          null,
          null,
          null,
          null,
          null,
          null,
          null,
          null,
          null,
          null,
          1,
          36,
          1,
          1,
          null,
          null,
          null,
          null
        ]
      }
    },
    "timestamp": 1776763129
  }
}
