{
  "RSpec": {
    "coverage": {
      "C:/Users/Lenovo/Desktop/project/respondo/lib/respondo.rb": {
        "lines": [
          null,
          null,
          1,
          1,
          1,
          1,
          1,
          1,
          null,
          null,
          null,
          null,
          null,
          null,
          null,
          null,
          null,
          null,
          null,
          null,
          null,
          null,
          null,
          null,
          1,
          1,
          null,
          1,
          332,
          null,
          null,
          null,
          1,
          7,
          null,
          null,
          null,
          1,
          130,
          null,
          null,
          null,
          null,
          null,
          1
        ]
      },
      "C:/Users/Lenovo/Desktop/project/respondo/lib/respondo/configuration.rb": {
        "lines": [
          null,
          null,
          1,
          null,
          null,
          null,
          null,
          null,
          null,
          null,
          null,
          null,
          1,
          null,
          1,
          null,
          null,
          1,
          null,
          null,
          1,
          null,
          null,
          1,
          null,
          null,
          null,
          null,
          null,
          1,
          null,
          1,
          131,
          131,
          131,
          131,
          131,
          null,
          null,
          null
        ]
      },
      "C:/Users/Lenovo/Desktop/project/respondo/lib/respondo/serializer.rb": {
        "lines": [
          null,
          null,
          1,
          null,
          null,
          null,
          null,
          null,
          null,
          null,
          null,
          null,
          1,
          1,
          null,
          null,
          null,
          1,
          154,
          null,
          null,
          70,
          1,
          null,
          null,
          null,
          69,
          1,
          null,
          null,
          null,
          68,
          21,
          null,
          null,
          null,
          62,
          1,
          null,
          null,
          null,
          61,
          3,
          null,
          null,
          null,
          58,
          1,
          null,
          null,
          null,
          57,
          29,
          null,
          null,
          null,
          45,
          1,
          null,
          null,
          null,
          44,
          1,
          null,
          null,
          null,
          43,
          null,
          null,
          1,
          null,
          1,
          null,
          1,
          69,
          null,
          null,
          null,
          1,
          62,
          null,
          null,
          null,
          1,
          61,
          null,
          null,
          null,
          1,
          1,
          1,
          0,
          0,
          null,
          0,
          null,
          null,
          null,
          1,
          null,
          3,
          1,
          2,
          1,
          null,
          1,
          null,
          null,
          null,
          null
        ]
      },
      "C:/Users/Lenovo/Desktop/project/respondo/lib/respondo/pagination.rb": {
        "lines": [
          null,
          null,
          1,
          null,
          null,
          null,
          null,
          null,
          null,
          null,
          null,
          null,
          null,
          null,
          1,
          1,
          null,
          null,
          null,
          1,
          40,
          null,
          18,
          0,
          18,
          9,
          9,
          1,
          null,
          null,
          null,
          null,
          null,
          1,
          null,
          1,
          null,
          null,
          null,
          null,
          null,
          1,
          18,
          null,
          null,
          1,
          null,
          0,
          null,
          null,
          null,
          null,
          null,
          null,
          null,
          null,
          null,
          1,
          18,
          null,
          null,
          null,
          null,
          1,
          null,
          9,
          null,
          null,
          null,
          null,
          null,
          null,
          null,
          null,
          null,
          1,
          9,
          null,
          null,
          null,
          null,
          null,
          1,
          null,
          1,
          null,
          null,
          null,
          null,
          null,
          null,
          null,
          null,
          null
        ]
      },
      "C:/Users/Lenovo/Desktop/project/respondo/lib/respondo/response_builder.rb": {
        "lines": [
          null,
          null,
          1,
          null,
          1,
          null,
          null,
          null,
          null,
          null,
          null,
          null,
          null,
          null,
          null,
          null,
          null,
          null,
          null,
          1,
          null,
          null,
          null,
          null,
          null,
          null,
          null,
          null,
          null,
          1,
          null,
          104,
          104,
          104,
          104,
          104,
          104,
          104,
          104,
          null,
          null,
          null,
          1,
          null,
          null,
          104,
          null,
          null,
          null,
          null,
          null,
          104,
          null,
          null,
          104,
          null,
          104,
          null,
          null,
          1,
          null,
          1,
          104,
          42,
          null,
          null,
          1,
          104,
          null,
          null,
          1,
          104,
          null,
          null,
          104,
          35,
          0,
          null,
          35,
          null,
          35,
          null,
          null,
          null,
          104,
          0,
          null,
          null,
          null,
          104,
          null,
          null,
          1,
          104,
          0,
          null,
          104,
          null,
          null,
          null,
          1,
          104,
          3,
          null,
          null,
          1,
          27,
          null,
          8,
          24,
          null,
          null,
          0,
          null,
          19,
          null,
          null,
          null,
          1,
          32,
          null,
          null,
          null
        ]
      },
      "C:/Users/Lenovo/Desktop/project/respondo/lib/respondo/controller_helpers.rb": {
        "lines": [
          null,
          null,
          1,
          null,
          null,
          null,
          null,
          null,
          null,
          null,
          null,
          null,
          null,
          null,
          null,
          null,
          null,
          null,
          null,
          null,
          1,
          null,
          null,
          null,
          null,
          null,
          null,
          null,
          null,
          null,
          null,
          null,
          null,
          null,
          null,
          1,
          25,
          null,
          25,
          null,
          null,
          null,
          null,
          null,
          null,
          null,
          null,
          null,
          25,
          null,
          null,
          null,
          null,
          null,
          null,
          null,
          null,
          null,
          null,
          1,
          55,
          55,
          null,
          55,
          null,
          null,
          null,
          null,
          null,
          null,
          null,
          null,
          null,
          55,
          null,
          null,
          null,
          null,
          null,
          null,
          null,
          1,
          2,
          null,
          null,
          null,
          1,
          4,
          null,
          null,
          null,
          1,
          2,
          null,
          null,
          null,
          null,
          1,
          2,
          null,
          null,
          null,
          1,
          2,
          null,
          null,
          null,
          1,
          2,
          null,
          null,
          null,
          null,
          null,
          null,
          null,
          1,
          3,
          null,
          null,
          null,
          1,
          3,
          null,
          null,
          null,
          1,
          2,
          null,
          null,
          null,
          1,
          2,
          null,
          null,
          null,
          1,
          2,
          null,
          null,
          null,
          1,
          2,
          null,
          null,
          null,
          1,
          2,
          null,
          null,
          null,
          1,
          2,
          null,
          null,
          null,
          1,
          2,
          null,
          null,
          null,
          1,
          2,
          null,
          null,
          null,
          1,
          2,
          null,
          null,
          null,
          1,
          2,
          null,
          null,
          null,
          1,
          2,
          null,
          null,
          null,
          1,
          2,
          null,
          null,
          null,
          1,
          3,
          null,
          null,
          null,
          null,
          null,
          null,
          null,
          1,
          3,
          null,
          null,
          null,
          1,
          2,
          null,
          null,
          null,
          1,
          2,
          null,
          null,
          null,
          1,
          2,
          null,
          null,
          null,
          1,
          2,
          null,
          null,
          1,
          null,
          null,
          1,
          55,
          null,
          7,
          1,
          null,
          null,
          6,
          null,
          2,
          1,
          null,
          null,
          1,
          1,
          null,
          null,
          null,
          null,
          null,
          null
        ]
      }
    },
    "timestamp": 1774878508
  }
}
